00[DMN] Starting IKE charon daemon (strongSwan 5.7.2, Linux 3.10.0-1160.59.1.el7.x86_64, x86_64)
00[LIB] plugin 'aes': loaded successfully
00[LIB] plugin 'des': loaded successfully
00[LIB] plugin 'rc2': loaded successfully
00[LIB] plugin 'sha2': loaded successfully
00[LIB] plugin 'sha1': loaded successfully
00[LIB] plugin 'md5': loaded successfully
00[LIB] plugin 'mgf1': loaded successfully
00[LIB] plugin 'random': loaded successfully
00[LIB] plugin 'nonce': loaded successfully
00[LIB] plugin 'x509': loaded successfully
00[LIB] plugin 'revocation': loaded successfully
00[LIB] plugin 'constraints': loaded successfully
00[LIB] plugin 'pubkey': loaded successfully
00[LIB] plugin 'pkcs1': loaded successfully
00[LIB] plugin 'pkcs7': loaded successfully
00[LIB] plugin 'pkcs8': loaded successfully
00[LIB] plugin 'pkcs12': loaded successfully
00[LIB] plugin 'pgp': loaded successfully
00[LIB] plugin 'dnskey': loaded successfully
00[LIB] plugin 'sshkey': loaded successfully
00[LIB] plugin 'pem': loaded successfully
00[LIB] openssl FIPS mode(0) - disabled 
00[LIB] plugin 'openssl': loaded successfully
00[LIB] plugin 'fips-prf': loaded successfully
00[LIB] plugin 'gmp': loaded successfully
00[LIB] plugin 'curve25519': loaded successfully
00[LIB] plugin 'xcbc': loaded successfully
00[LIB] plugin 'cmac': loaded successfully
00[LIB] plugin 'hmac': loaded successfully
00[LIB] plugin 'attr': loaded successfully
00[LIB] plugin 'kernel-netlink': loaded successfully
00[LIB] plugin 'resolve': loaded successfully
00[LIB] plugin 'socket-default': loaded successfully
00[LIB] plugin 'stroke': loaded successfully
00[LIB] plugin 'vici': loaded successfully
00[LIB] plugin 'updown': loaded successfully
00[LIB] plugin 'eap-identity': loaded successfully
00[LIB] plugin 'eap-md5': loaded successfully
00[LIB] plugin 'eap-mschapv2': loaded successfully
00[LIB] plugin 'eap-dynamic': loaded successfully
00[LIB] plugin 'eap-radius': loaded successfully
00[LIB] plugin 'eap-tls': loaded successfully
00[LIB] plugin 'eap-ttls': loaded successfully
00[LIB] plugin 'eap-peap': loaded successfully
00[LIB] plugin 'eap-tnc': loaded successfully
00[LIB] plugin 'xauth-generic': loaded successfully
00[LIB] plugin 'xauth-eap': loaded successfully
00[LIB] plugin 'tnc-tnccs': loaded successfully
00[LIB] plugin 'counters': loaded successfully
00[LIB] loading feature CUSTOM:libcharon in plugin 'charon'
00[LIB]   loading feature NONCE_GEN in plugin 'nonce'
00[LIB]     loading feature RNG:RNG_WEAK in plugin 'openssl'
00[LIB]     loading feature RNG:RNG_STRONG in plugin 'random'
00[LIB]     loading feature RNG:RNG_STRONG in plugin 'openssl'
00[LIB]     loading feature RNG:RNG_TRUE in plugin 'random'
00[LIB]   loading feature CUSTOM:libcharon-sa-managers in plugin 'charon'
00[LIB]     loading feature HASHER:HASH_SHA1 in plugin 'sha1'
00[LIB]     loading feature HASHER:HASH_SHA1 in plugin 'openssl'
00[LIB]   loading feature CUSTOM:libcharon-receiver in plugin 'charon'
00[LIB]     loading feature CUSTOM:socket in plugin 'socket-default'
00[LIB]       loading feature CUSTOM:kernel-ipsec in plugin 'kernel-netlink'
00[KNL] sending XFRM_MSG_GETSPDINFO 201: => 20 bytes @ 0x7fff6e821490		获取SPD信息，参：https://www.cnblogs.com/hugetong/p/11143374.html
00[KNL] received XFRM_MSG_NEWSPDINFO 201: => 76 bytes @ 0x14c90a0		新建安全策略
00[KNL] sending XFRM_MSG_GETSPDINFO 202: => 20 bytes @ 0x7fff6e821490		获取SPD信息
00[KNL] received XFRM_MSG_NEWSPDINFO 202: => 76 bytes @ 0x14c90a0		新建安全策略		
00[LIB]   loading feature CUSTOM:kernel-net in plugin 'kernel-netlink'
00[KNL] known interfaces and IP addresses:
00[KNL] sending RTM_GETLINK 201: => 17 bytes @ 0x7fff6e821b40
00[KNL] received RTM_NEWLINK 201: => 1240 bytes @ 0x14ca460
00[KNL] received RTM_NEWLINK 201: => 1248 bytes @ 0x14ca940
00[KNL] received (3) 201: => 20 bytes @ 0x14ca1c0                              
00[KNL] sending RTM_GETADDR 202: => 17 bytes @ 0x7fff6e821b40    	接收一个和接口相关的IP地址的信息                                       .
00[KNL] received RTM_NEWADDR 202: => 76 bytes @ 0x14ca3e0             添加一个和接口相关的IP地址的信息     
00[KNL] received RTM_NEWADDR 202: => 88 bytes @ 0x14ca460
00[KNL] received RTM_NEWADDR 202: => 72 bytes @ 0x14ca4c0
00[KNL] received RTM_NEWADDR 202: => 72 bytes @ 0x14ca510
00[KNL] received (3) 202: => 20 bytes @ 0x14ca440
00[KNL] sending RTM_DELRULE 203: => 36 bytes @ 0x7fff6e821b50	策略路由规则的删除
00[KNL] received (2) 203: => 36 bytes @ 0x14ca460
00[KNL] sending RTM_DELRULE 204: => 36 bytes @ 0x7fff6e821b50
00[KNL] received (2) 204: => 36 bytes @ 0x14ca460
00[LIB] loading feature CRYPTER:AES_CBC-16 in plugin 'aes'
00[LIB] loading feature CRYPTER:AES_CBC-24 in plugin 'aes'
00[LIB] loading feature CRYPTER:AES_CBC-32 in plugin 'aes'
00[LIB] loading feature CRYPTER:3DES_CBC-24 in plugin 'des'
00[LIB] loading feature CRYPTER:DES_CBC-8 in plugin 'des'
00[LIB] loading feature CRYPTER:DES_ECB-8 in plugin 'des'
00[LIB] loading feature CRYPTER:RC2_CBC-0 in plugin 'rc2'
00[LIB] loading feature HASHER:HASH_SHA2_224 in plugin 'sha2'
00[LIB] loading feature HASHER:HASH_SHA2_256 in plugin 'sha2'
00[LIB] loading feature HASHER:HASH_SHA2_384 in plugin 'sha2'
00[LIB] loading feature HASHER:HASH_SHA2_512 in plugin 'sha2'
00[LIB] loading feature PRF:PRF_KEYED_SHA1 in plugin 'sha1'
00[LIB] loading feature HASHER:HASH_MD5 in plugin 'md5'
00[LIB] loading feature XOF:XOF_MGF1_SHA1 in plugin 'mgf1'
00[LIB] loading feature XOF:XOF_MGF1_SHA224 in plugin 'mgf1'
00[LIB]   loading feature HASHER:HASH_SHA2_224 in plugin 'openssl'
00[LIB] loading feature XOF:XOF_MGF1_SHA256 in plugin 'mgf1'
00[LIB]   loading feature HASHER:HASH_SHA2_256 in plugin 'openssl'
00[LIB] loading feature XOF:XOF_MGF1_SHA384 in plugin 'mgf1'
00[LIB]   loading feature HASHER:HASH_SHA2_384 in plugin 'openssl'
00[LIB] loading feature XOF:XOF_MGF1_SHA512 in plugin 'mgf1'
00[LIB]   loading feature HASHER:HASH_SHA2_512 in plugin 'openssl'
00[LIB] loading feature CERT_ENCODE:X509 in plugin 'x509'
00[LIB] loading feature CERT_DECODE:X509 in plugin 'x509'
00[LIB]   loading feature PUBKEY:ANY in plugin 'pkcs1'
00[LIB]     loading feature PUBKEY:RSA in plugin 'pkcs1'
00[LIB]     loading feature PUBKEY:RSA in plugin 'pgp'
00[LIB]     loading feature PUBKEY:RSA in plugin 'dnskey'
00[LIB]     loading feature PUBKEY:RSA in plugin 'pem'
00[LIB]       loop detected while loading PUBKEY:RSA in plugin 'pem'
00[LIB]       loading feature PUBKEY:RSA in plugin 'openssl'
00[LIB]       loading feature PUBKEY:RSA in plugin 'gmp'
00[LIB]     loading feature PUBKEY:ECDSA in plugin 'pem'
00[LIB]       loop detected while loading PUBKEY:ECDSA in plugin 'pem'
00[LIB]       loading feature PUBKEY:ECDSA in plugin 'openssl'
00[LIB]     loading feature PUBKEY:ED25519 in plugin 'pem'
00[LIB]       loop detected while loading PUBKEY:ED25519 in plugin 'pem'
00[LIB]       loading feature PUBKEY:ED25519 in plugin 'curve25519'
00[LIB]     feature PUBKEY:ANY in plugin 'pkcs1' has unmet soft dependency: PUBKEY:ED448
00[LIB]     loading feature PUBKEY:BLISS in plugin 'pem'
00[LIB] feature PUBKEY:BLISS in plugin 'pem' has unmet dependency: PUBKEY:BLISS
00[LIB]     feature PUBKEY:ANY in plugin 'pkcs1' has unmet soft dependency: PUBKEY:BLISS
00[LIB]     loading feature PUBKEY:DSA in plugin 'pem'
00[LIB] feature PUBKEY:DSA in plugin 'pem' has unmet dependency: PUBKEY:DSA
00[LIB]     feature PUBKEY:ANY in plugin 'pkcs1' has unmet soft dependency: PUBKEY:DSA
00[LIB]   loading feature PUBKEY:ANY in plugin 'pgp'
00[LIB]   loading feature PUBKEY:ANY in plugin 'dnskey'
00[LIB]   loading feature PUBKEY:ANY in plugin 'sshkey'
00[LIB]   loading feature PUBKEY:ANY in plugin 'pem'
00[LIB]     loop detected while loading PUBKEY:ANY in plugin 'pem'
00[LIB]     loading feature PUBKEY:ANY in plugin 'openssl'
00[LIB] loading feature CERT_ENCODE:X509_AC in plugin 'x509'
00[LIB] loading feature CERT_DECODE:X509_AC in plugin 'x509'
00[LIB] loading feature CERT_ENCODE:X509_CRL in plugin 'x509'
00[LIB] loading feature CERT_DECODE:X509_CRL in plugin 'x509'
00[LIB] loading feature CERT_ENCODE:OCSP_REQUEST in plugin 'x509'
00[LIB] loading feature CERT_DECODE:OCSP_RESPONSE in plugin 'x509'
00[LIB] loading feature CERT_ENCODE:PKCS10_REQUEST in plugin 'x509'
00[LIB] loading feature CERT_DECODE:PKCS10_REQUEST in plugin 'x509'
00[LIB] loading feature CUSTOM:revocation in plugin 'revocation'
00[LIB]   loading feature CERT_DECODE:OCSP_RESPONSE in plugin 'pem'
00[LIB]   loading feature CERT_DECODE:X509_CRL in plugin 'pem'
00[LIB]     loop detected while loading CERT_DECODE:X509_CRL in plugin 'pem'
00[LIB]     loading feature CERT_DECODE:X509_CRL in plugin 'openssl'
00[LIB]   loading feature CERT_DECODE:X509 in plugin 'pem'
00[LIB]     loop detected while loading CERT_DECODE:X509 in plugin 'pem'
00[LIB]     loading feature CERT_DECODE:X509 in plugin 'openssl'
00[LIB]       feature CERT_DECODE:X509 in plugin 'openssl' has unmet soft dependency: PUBKEY:DSA
00[LIB]   feature CUSTOM:revocation in plugin 'revocation' has unmet soft dependency: FETCHER:(null)
00[LIB] loading feature CUSTOM:constraints in plugin 'constraints'
00[LIB] loading feature CERT_ENCODE:PUBKEY in plugin 'pubkey'
00[LIB] loading feature CERT_DECODE:PUBKEY in plugin 'pubkey'
00[LIB]   feature CERT_DECODE:PUBKEY in plugin 'pubkey' has unmet soft dependency: PUBKEY:DSA
00[LIB] loading feature PRIVKEY:ANY in plugin 'pkcs1'
00[LIB]   loading feature PRIVKEY:RSA in plugin 'pkcs1'
00[LIB]   loading feature PRIVKEY:RSA in plugin 'pkcs8'
00[LIB]   loading feature PRIVKEY:RSA in plugin 'pgp'
00[LIB]   loading feature PRIVKEY:RSA in plugin 'pem'
00[LIB]     loop detected while loading PRIVKEY:RSA in plugin 'pem'
00[LIB]     loading feature PRIVKEY:RSA in plugin 'openssl'
00[LIB]     loading feature PRIVKEY:RSA in plugin 'gmp'
00[LIB]     loading feature HASHER:HASH_MD5 in plugin 'openssl'
00[LIB]   loading feature PRIVKEY:ECDSA in plugin 'pkcs8'
00[LIB]   loading feature PRIVKEY:ECDSA in plugin 'pem'
00[LIB]     loop detected while loading PRIVKEY:ECDSA in plugin 'pem'
00[LIB]     loading feature PRIVKEY:ECDSA in plugin 'openssl'
00[LIB] loading feature CONTAINER_DECODE:PKCS7 in plugin 'pkcs7'
00[LIB] loading feature CONTAINER_ENCODE:PKCS7_DATA in plugin 'pkcs7'
00[LIB] loading feature CONTAINER_ENCODE:PKCS7_SIGNED_DATA in plugin 'pkcs7'
00[LIB] loading feature CONTAINER_ENCODE:PKCS7_ENVELOPED_DATA in plugin 'pkcs7'
00[LIB] loading feature PRIVKEY:ANY in plugin 'pkcs8'
00[LIB] loading feature PRIVKEY:ED25519 in plugin 'pkcs8'
00[LIB] loading feature PRIVKEY:ED448 in plugin 'pkcs8'
00[LIB] loading feature CONTAINER_DECODE:PKCS12 in plugin 'pkcs12'
00[LIB]   loading feature CONTAINER_DECODE:PKCS7 in plugin 'openssl'
00[LIB]   loading feature PRIVKEY:ANY in plugin 'pgp'
00[LIB]   loading feature PRIVKEY:ANY in plugin 'pem'
00[LIB]     loop detected while loading PRIVKEY:ANY in plugin 'pem'
00[LIB]     loading feature PRIVKEY:ANY in plugin 'openssl'
00[LIB]     loading feature PRIVKEY:ANY in plugin 'openssl'
00[LIB]   loading feature CRYPTER:3DES_CBC-24 in plugin 'openssl'
00[LIB] loading feature CERT_DECODE:PGP in plugin 'pgp'
00[LIB] loading feature CERT_DECODE:PUBKEY in plugin 'sshkey'
00[LIB] loading feature PRIVKEY:DSA in plugin 'pem'
00[LIB] feature PRIVKEY:DSA in plugin 'pem' has unmet dependency: PRIVKEY:DSA
00[LIB] loading feature PRIVKEY:BLISS in plugin 'pem'
00[LIB] feature PRIVKEY:BLISS in plugin 'pem' has unmet dependency: PRIVKEY:BLISS
00[LIB] loading feature PRIVKEY:ED25519 in plugin 'pem'
00[LIB]   loop detected while loading PRIVKEY:ED25519 in plugin 'pem'
00[LIB]   loading feature PRIVKEY:ED25519 in plugin 'curve25519'
00[LIB] loading feature CERT_DECODE:ANY in plugin 'pem'
00[LIB]   loading feature CERT_DECODE:PGP in plugin 'pem'
00[LIB] loading feature CERT_DECODE:OCSP_REQUEST in plugin 'pem'
00[LIB] feature CERT_DECODE:OCSP_REQUEST in plugin 'pem' has unmet dependency: CERT_DECODE:OCSP_REQUEST
00[LIB] loading feature CERT_DECODE:X509_AC in plugin 'pem'
00[LIB] loading feature CERT_DECODE:PKCS10_REQUEST in plugin 'pem'
00[LIB] loading feature CERT_DECODE:PUBKEY in plugin 'pem'
00[LIB] loading feature CONTAINER_DECODE:PKCS12 in plugin 'pem'
00[LIB]   loop detected while loading CONTAINER_DECODE:PKCS12 in plugin 'pem'
00[LIB]   loading feature CONTAINER_DECODE:PKCS12 in plugin 'openssl'
00[LIB] loading feature CUSTOM:openssl-threading in plugin 'openssl'
00[LIB] loading feature CRYPTER:AES_CBC-16 in plugin 'openssl'
00[LIB] loading feature CRYPTER:AES_CBC-24 in plugin 'openssl'
00[LIB] loading feature CRYPTER:AES_CBC-32 in plugin 'openssl'
00[LIB] loading feature CRYPTER:CAMELLIA_CBC-16 in plugin 'openssl'
00[LIB] loading feature CRYPTER:CAMELLIA_CBC-24 in plugin 'openssl'
00[LIB] loading feature CRYPTER:CAMELLIA_CBC-32 in plugin 'openssl'
00[LIB] loading feature CRYPTER:RC5_CBC-0 in plugin 'openssl'
00[LIB] loading feature CRYPTER:CAST_CBC-0 in plugin 'openssl'
00[LIB] loading feature CRYPTER:BLOWFISH_CBC-0 in plugin 'openssl'
00[LIB] loading feature CRYPTER:IDEA_CBC-16 in plugin 'openssl'
00[LIB] loading feature CRYPTER:DES_CBC-8 in plugin 'openssl'
00[LIB] loading feature CRYPTER:DES_ECB-8 in plugin 'openssl'
00[LIB] loading feature CRYPTER:NULL-0 in plugin 'openssl'
00[LIB] loading feature HASHER:HASH_MD2 in plugin 'openssl'
00[LIB] loading feature HASHER:HASH_MD4 in plugin 'openssl'
00[LIB] loading feature PRF:PRF_KEYED_SHA1 in plugin 'openssl'
00[LIB] loading feature PRF:PRF_HMAC_MD5 in plugin 'openssl'
00[LIB] loading feature PRF:PRF_HMAC_SHA1 in plugin 'openssl'
00[LIB] loading feature PRF:PRF_HMAC_SHA2_256 in plugin 'openssl'
00[LIB] loading feature PRF:PRF_HMAC_SHA2_384 in plugin 'openssl'
00[LIB] loading feature PRF:PRF_HMAC_SHA2_512 in plugin 'openssl'
00[LIB] loading feature SIGNER:HMAC_MD5_96 in plugin 'openssl'
00[LIB] loading feature SIGNER:HMAC_MD5_128 in plugin 'openssl'
00[LIB] loading feature SIGNER:HMAC_SHA1_96 in plugin 'openssl'
00[LIB] loading feature SIGNER:HMAC_SHA1_128 in plugin 'openssl'
00[LIB] loading feature SIGNER:HMAC_SHA1_160 in plugin 'openssl'
00[LIB] loading feature SIGNER:HMAC_SHA2_256_128 in plugin 'openssl'
00[LIB] loading feature SIGNER:HMAC_SHA2_256_256 in plugin 'openssl'
00[LIB] loading feature SIGNER:HMAC_SHA2_384_192 in plugin 'openssl'
00[LIB] loading feature SIGNER:HMAC_SHA2_384_384 in plugin 'openssl'
00[LIB] loading feature SIGNER:HMAC_SHA2_512_256 in plugin 'openssl'
00[LIB] loading feature SIGNER:HMAC_SHA2_512_512 in plugin 'openssl'
00[LIB] loading feature AEAD:AES_GCM_16-16 in plugin 'openssl'
00[LIB] loading feature AEAD:AES_GCM_16-24 in plugin 'openssl'
00[LIB] loading feature AEAD:AES_GCM_16-32 in plugin 'openssl'
00[LIB] loading feature AEAD:AES_GCM_12-16 in plugin 'openssl'
00[LIB] loading feature AEAD:AES_GCM_12-24 in plugin 'openssl'
00[LIB] loading feature AEAD:AES_GCM_12-32 in plugin 'openssl'
00[LIB] loading feature AEAD:AES_GCM_8-16 in plugin 'openssl'
00[LIB] loading feature AEAD:AES_GCM_8-24 in plugin 'openssl'
00[LIB] loading feature AEAD:AES_GCM_8-32 in plugin 'openssl'
00[LIB] loading feature DH:ECP_256 in plugin 'openssl'
00[LIB] loading feature DH:ECP_384 in plugin 'openssl'
00[LIB] loading feature DH:ECP_521 in plugin 'openssl'
00[LIB] loading feature DH:ECP_224 in plugin 'openssl'
00[LIB] loading feature DH:ECP_192 in plugin 'openssl'
00[LIB] loading feature DH:ECP_256_BP in plugin 'openssl'
00[LIB] loading feature DH:ECP_384_BP in plugin 'openssl'
00[LIB] loading feature DH:ECP_512_BP in plugin 'openssl'
00[LIB] loading feature DH:ECP_224_BP in plugin 'openssl'
00[LIB] loading feature DH:MODP_3072 in plugin 'openssl'
00[LIB] loading feature DH:MODP_4096 in plugin 'openssl'
00[LIB] loading feature DH:MODP_6144 in plugin 'openssl'
00[LIB] loading feature DH:MODP_8192 in plugin 'openssl'
00[LIB] loading feature DH:MODP_2048 in plugin 'openssl'
00[LIB] loading feature DH:MODP_2048_224 in plugin 'openssl'
00[LIB] loading feature DH:MODP_2048_256 in plugin 'openssl'
00[LIB] loading feature DH:MODP_1536 in plugin 'openssl'
00[LIB] loading feature DH:MODP_1024 in plugin 'openssl'
00[LIB] loading feature DH:MODP_1024_160 in plugin 'openssl'
00[LIB] loading feature DH:MODP_768 in plugin 'openssl'
00[LIB] loading feature DH:MODP_CUSTOM in plugin 'openssl'
00[LIB] loading feature PRIVKEY_GEN:RSA in plugin 'openssl'
00[LIB] loading feature PRIVKEY_SIGN:RSA_EMSA_PKCS1_NULL in plugin 'openssl'
00[LIB] loading feature PUBKEY_VERIFY:RSA_EMSA_PKCS1_NULL in plugin 'openssl'
00[LIB] loading feature PRIVKEY_SIGN:RSA_EMSA_PSS in plugin 'openssl'
00[LIB] loading feature PUBKEY_VERIFY:RSA_EMSA_PSS in plugin 'openssl'
00[LIB] loading feature PRIVKEY_SIGN:RSA_EMSA_PKCS1_SHA1 in plugin 'openssl'
00[LIB] loading feature PUBKEY_VERIFY:RSA_EMSA_PKCS1_SHA1 in plugin 'openssl'
00[LIB] loading feature PRIVKEY_SIGN:RSA_EMSA_PKCS1_SHA2_224 in plugin 'openssl'
00[LIB] loading feature PRIVKEY_SIGN:RSA_EMSA_PKCS1_SHA2_256 in plugin 'openssl'
00[LIB] loading feature PUBKEY_VERIFY:RSA_EMSA_PKCS1_SHA2_224 in plugin 'openssl'
00[LIB] loading feature PUBKEY_VERIFY:RSA_EMSA_PKCS1_SHA2_256 in plugin 'openssl'
00[LIB] loading feature PRIVKEY_SIGN:RSA_EMSA_PKCS1_SHA2_384 in plugin 'openssl'
00[LIB] loading feature PRIVKEY_SIGN:RSA_EMSA_PKCS1_SHA2_512 in plugin 'openssl'
00[LIB] loading feature PUBKEY_VERIFY:RSA_EMSA_PKCS1_SHA2_384 in plugin 'openssl'
00[LIB] loading feature PUBKEY_VERIFY:RSA_EMSA_PKCS1_SHA2_512 in plugin 'openssl'
00[LIB] loading feature PRIVKEY_SIGN:RSA_EMSA_PKCS1_MD5 in plugin 'openssl'
00[LIB] loading feature PUBKEY_VERIFY:RSA_EMSA_PKCS1_MD5 in plugin 'openssl'
00[LIB] loading feature PRIVKEY_DECRYPT:ENCRYPT_RSA_PKCS1 in plugin 'openssl'
00[LIB] loading feature PUBKEY_ENCRYPT:ENCRYPT_RSA_PKCS1 in plugin 'openssl'
00[LIB] loading feature PRIVKEY_GEN:ECDSA in plugin 'openssl'
00[LIB] loading feature PRIVKEY_SIGN:ECDSA_WITH_NULL in plugin 'openssl'
00[LIB] loading feature PUBKEY_VERIFY:ECDSA_WITH_NULL in plugin 'openssl'
00[LIB] loading feature PRIVKEY_SIGN:ECDSA_WITH_SHA1_DER in plugin 'openssl'
00[LIB] loading feature PUBKEY_VERIFY:ECDSA_WITH_SHA1_DER in plugin 'openssl'
00[LIB] loading feature PRIVKEY_SIGN:ECDSA_WITH_SHA256_DER in plugin 'openssl'
00[LIB] loading feature PUBKEY_VERIFY:ECDSA_WITH_SHA256_DER in plugin 'openssl'
00[LIB] loading feature PRIVKEY_SIGN:ECDSA-256 in plugin 'openssl'
00[LIB] loading feature PUBKEY_VERIFY:ECDSA-256 in plugin 'openssl'
00[LIB] loading feature PRIVKEY_SIGN:ECDSA_WITH_SHA384_DER in plugin 'openssl'
00[LIB] loading feature PRIVKEY_SIGN:ECDSA_WITH_SHA512_DER in plugin 'openssl'
00[LIB] loading feature PUBKEY_VERIFY:ECDSA_WITH_SHA384_DER in plugin 'openssl'
00[LIB] loading feature PUBKEY_VERIFY:ECDSA_WITH_SHA512_DER in plugin 'openssl'
00[LIB] loading feature PRIVKEY_SIGN:ECDSA-384 in plugin 'openssl'
00[LIB] loading feature PRIVKEY_SIGN:ECDSA-521 in plugin 'openssl'
00[LIB] loading feature PUBKEY_VERIFY:ECDSA-384 in plugin 'openssl'
00[LIB] loading feature PUBKEY_VERIFY:ECDSA-521 in plugin 'openssl'
00[LIB] loading feature PRF:PRF_FIPS_SHA1_160 in plugin 'fips-prf'
00[LIB] loading feature DH:MODP_3072 in plugin 'gmp'
00[LIB] loading feature DH:MODP_4096 in plugin 'gmp'
00[LIB] loading feature DH:MODP_6144 in plugin 'gmp'
00[LIB] loading feature DH:MODP_8192 in plugin 'gmp'
00[LIB] loading feature DH:MODP_2048 in plugin 'gmp'
00[LIB] loading feature DH:MODP_2048_224 in plugin 'gmp'
00[LIB] loading feature DH:MODP_2048_256 in plugin 'gmp'
00[LIB] loading feature DH:MODP_1536 in plugin 'gmp'
00[LIB] loading feature DH:MODP_1024 in plugin 'gmp'
00[LIB] loading feature DH:MODP_1024_160 in plugin 'gmp'
00[LIB] loading feature DH:MODP_768 in plugin 'gmp'
00[LIB] loading feature DH:MODP_CUSTOM in plugin 'gmp'
00[LIB] loading feature PRIVKEY_GEN:RSA in plugin 'gmp'
00[LIB] loading feature PRIVKEY_SIGN:RSA_EMSA_PSS in plugin 'gmp'
00[LIB] loading feature PRIVKEY_SIGN:RSA_EMSA_PKCS1_NULL in plugin 'gmp'
00[LIB] loading feature PRIVKEY_SIGN:RSA_EMSA_PKCS1_SHA2_224 in plugin 'gmp'
00[LIB] loading feature PRIVKEY_SIGN:RSA_EMSA_PKCS1_SHA2_256 in plugin 'gmp'
00[LIB] loading feature PRIVKEY_SIGN:RSA_EMSA_PKCS1_SHA2_384 in plugin 'gmp'
00[LIB] loading feature PRIVKEY_SIGN:RSA_EMSA_PKCS1_SHA2_512 in plugin 'gmp'
00[LIB] loading feature PRIVKEY_SIGN:RSA_EMSA_PKCS1_SHA3_224 in plugin 'gmp'
00[LIB] feature PRIVKEY_SIGN:RSA_EMSA_PKCS1_SHA3_224 in plugin 'gmp' has unmet dependency: HASHER:HASH_SHA3_224
00[LIB] loading feature PRIVKEY_SIGN:RSA_EMSA_PKCS1_SHA3_256 in plugin 'gmp'
00[LIB] feature PRIVKEY_SIGN:RSA_EMSA_PKCS1_SHA3_256 in plugin 'gmp' has unmet dependency: HASHER:HASH_SHA3_256
00[LIB] loading feature PRIVKEY_SIGN:RSA_EMSA_PKCS1_SHA3_384 in plugin 'gmp'
00[LIB] feature PRIVKEY_SIGN:RSA_EMSA_PKCS1_SHA3_384 in plugin 'gmp' has unmet dependency: HASHER:HASH_SHA3_384
00[LIB] loading feature PRIVKEY_SIGN:RSA_EMSA_PKCS1_SHA3_512 in plugin 'gmp'
00[LIB] feature PRIVKEY_SIGN:RSA_EMSA_PKCS1_SHA3_512 in plugin 'gmp' has unmet dependency: HASHER:HASH_SHA3_512
00[LIB] loading feature PRIVKEY_SIGN:RSA_EMSA_PKCS1_SHA1 in plugin 'gmp'
00[LIB] loading feature PRIVKEY_SIGN:RSA_EMSA_PKCS1_MD5 in plugin 'gmp'
00[LIB] loading feature PUBKEY_VERIFY:RSA_EMSA_PSS in plugin 'gmp'
00[LIB] loading feature PUBKEY_VERIFY:RSA_EMSA_PKCS1_NULL in plugin 'gmp'
00[LIB] loading feature PUBKEY_VERIFY:RSA_EMSA_PKCS1_SHA2_224 in plugin 'gmp'
00[LIB] loading feature PUBKEY_VERIFY:RSA_EMSA_PKCS1_SHA2_256 in plugin 'gmp'
00[LIB] loading feature PUBKEY_VERIFY:RSA_EMSA_PKCS1_SHA2_384 in plugin 'gmp'
00[LIB] loading feature PUBKEY_VERIFY:RSA_EMSA_PKCS1_SHA2_512 in plugin 'gmp'
00[LIB] loading feature PUBKEY_VERIFY:RSA_EMSA_PKCS1_SHA3_224 in plugin 'gmp'
00[LIB] feature PUBKEY_VERIFY:RSA_EMSA_PKCS1_SHA3_224 in plugin 'gmp' has unmet dependency: HASHER:HASH_SHA3_224
00[LIB] loading feature PUBKEY_VERIFY:RSA_EMSA_PKCS1_SHA3_256 in plugin 'gmp'
00[LIB] feature PUBKEY_VERIFY:RSA_EMSA_PKCS1_SHA3_256 in plugin 'gmp' has unmet dependency: HASHER:HASH_SHA3_256
00[LIB] loading feature PUBKEY_VERIFY:RSA_EMSA_PKCS1_SHA3_384 in plugin 'gmp'
00[LIB] feature PUBKEY_VERIFY:RSA_EMSA_PKCS1_SHA3_384 in plugin 'gmp' has unmet dependency: HASHER:HASH_SHA3_384
00[LIB] loading feature PUBKEY_VERIFY:RSA_EMSA_PKCS1_SHA3_512 in plugin 'gmp'
00[LIB] feature PUBKEY_VERIFY:RSA_EMSA_PKCS1_SHA3_512 in plugin 'gmp' has unmet dependency: HASHER:HASH_SHA3_512
00[LIB] loading feature PUBKEY_VERIFY:RSA_EMSA_PKCS1_SHA1 in plugin 'gmp'
00[LIB] loading feature PUBKEY_VERIFY:RSA_EMSA_PKCS1_MD5 in plugin 'gmp'
00[LIB] loading feature PRIVKEY_DECRYPT:ENCRYPT_RSA_PKCS1 in plugin 'gmp'
00[LIB] loading feature PUBKEY_ENCRYPT:ENCRYPT_RSA_PKCS1 in plugin 'gmp'
00[LIB] loading feature DH:CURVE_25519 in plugin 'curve25519'
00[LIB] loading feature PRIVKEY_GEN:ED25519 in plugin 'curve25519'
00[LIB] loading feature PRIVKEY_SIGN:ED25519 in plugin 'curve25519'
00[LIB] loading feature PUBKEY_VERIFY:ED25519 in plugin 'curve25519'
00[LIB] loading feature HASHER:HASH_IDENTITY in plugin 'curve25519'
00[LIB] loading feature PRF:PRF_AES128_XCBC in plugin 'xcbc'
00[LIB] loading feature PRF:PRF_CAMELLIA128_XCBC in plugin 'xcbc'
00[LIB] loading feature SIGNER:CAMELLIA_XCBC_96 in plugin 'xcbc'
00[LIB] loading feature SIGNER:AES_XCBC_96 in plugin 'xcbc'
00[LIB] loading feature PRF:PRF_AES128_CMAC in plugin 'cmac'
00[LIB] loading feature SIGNER:AES_CMAC_96 in plugin 'cmac'
00[LIB] loading feature PRF:PRF_HMAC_SHA1 in plugin 'hmac'
00[LIB] loading feature PRF:PRF_HMAC_MD5 in plugin 'hmac'
00[LIB] loading feature PRF:PRF_HMAC_SHA2_256 in plugin 'hmac'
00[LIB] loading feature PRF:PRF_HMAC_SHA2_384 in plugin 'hmac'
00[LIB] loading feature PRF:PRF_HMAC_SHA2_512 in plugin 'hmac'
00[LIB] loading feature SIGNER:HMAC_SHA1_96 in plugin 'hmac'
00[LIB] loading feature SIGNER:HMAC_SHA1_128 in plugin 'hmac'
00[LIB] loading feature SIGNER:HMAC_SHA1_160 in plugin 'hmac'
00[LIB] loading feature SIGNER:HMAC_MD5_96 in plugin 'hmac'
00[LIB] loading feature SIGNER:HMAC_MD5_128 in plugin 'hmac'
00[LIB] loading feature SIGNER:HMAC_SHA2_256_128 in plugin 'hmac'
00[LIB] loading feature SIGNER:HMAC_SHA2_256_256 in plugin 'hmac'
00[LIB] loading feature SIGNER:HMAC_SHA2_384_192 in plugin 'hmac'
00[LIB] loading feature SIGNER:HMAC_SHA2_384_384 in plugin 'hmac'
00[LIB] loading feature SIGNER:HMAC_SHA2_512_256 in plugin 'hmac'
00[LIB] loading feature SIGNER:HMAC_SHA2_512_512 in plugin 'hmac'
00[LIB] loading feature CUSTOM:attr in plugin 'attr'
00[LIB] loading feature CUSTOM:resolve in plugin 'resolve'
00[LIB] loading feature CUSTOM:stroke in plugin 'stroke'
00[LIB]   loading feature CUSTOM:counters in plugin 'counters'
00[LIB]   feature CUSTOM:stroke in plugin 'stroke' has unmet soft dependency: PRIVKEY:DSA
00[LIB]   feature CUSTOM:stroke in plugin 'stroke' has unmet soft dependency: PRIVKEY:BLISS
00[CFG] loading ca certificates from '/etc/ipsec.d/cacerts'
00[CFG] loading aa certificates from '/etc/ipsec.d/aacerts'
00[CFG] loading ocsp signer certificates from '/etc/ipsec.d/ocspcerts'
00[CFG] loading attribute certificates from '/etc/ipsec.d/acerts'
00[CFG] loading crls from '/etc/ipsec.d/crls'
00[CFG] loading secrets from '/etc/ipsec.secrets'
00[CFG] expanding file expression '/etc/ipsec.d/*.secrets' failed
00[LIB] loading feature CUSTOM:vici in plugin 'vici'
00[LIB] loading feature CUSTOM:updown in plugin 'updown'
00[LIB] loading feature EAP_SERVER:ID in plugin 'eap-identity'
00[LIB] loading feature EAP_CLIENT:ID in plugin 'eap-identity'
00[LIB] loading feature EAP_SERVER:MD5 in plugin 'eap-md5'
00[LIB] loading feature EAP_CLIENT:MD5 in plugin 'eap-md5'
00[LIB] loading feature EAP_SERVER:MSCHAPV2 in plugin 'eap-mschapv2'
00[LIB] loading feature EAP_CLIENT:MSCHAPV2 in plugin 'eap-mschapv2'
00[LIB] loading feature EAP_SERVER:DYN in plugin 'eap-dynamic'
00[LIB] loading feature EAP_SERVER:RAD in plugin 'eap-radius'
00[LIB]   loading feature CUSTOM:eap-radius in plugin 'eap-radius'
00[CFG] loaded 0 RADIUS server configurations
00[LIB] loading feature XAUTH_SERVER:radius in plugin 'eap-radius'
00[LIB] loading feature EAP_SERVER:TLS in plugin 'eap-tls'
00[LIB] loading feature EAP_CLIENT:TLS in plugin 'eap-tls'
00[LIB] loading feature EAP_SERVER:TTLS in plugin 'eap-ttls'
00[LIB] loading feature EAP_CLIENT:TTLS in plugin 'eap-ttls'
00[LIB] loading feature EAP_SERVER:PEAP in plugin 'eap-peap'
00[LIB] loading feature EAP_CLIENT:PEAP in plugin 'eap-peap'
00[LIB] loading feature EAP_SERVER:TNC in plugin 'eap-tnc'
00[LIB]   loading feature CUSTOM:tnccs-manager in plugin 'tnc-tnccs'
00[LIB] loading feature EAP_CLIENT:TNC in plugin 'eap-tnc'
00[LIB] loading feature EAP_SERVER:PT in plugin 'eap-tnc'
00[LIB] loading feature EAP_CLIENT:PT in plugin 'eap-tnc'
00[LIB] loading feature XAUTH_SERVER:generic in plugin 'xauth-generic'
00[LIB] loading feature XAUTH_CLIENT:generic in plugin 'xauth-generic'
00[LIB] loading feature XAUTH_SERVER:eap in plugin 'xauth-eap'
00[LIB] loaded plugins: charon aes des rc2 sha2 sha1 md5 mgf1 random nonce x509 revocation constraints pubkey pkcs1 pkcs7 pkcs8 pkcs12 pgp dnskey sshkey pem openssl fips-prf gmp curve25519 xcbc cmac hmac attr kernel-netlink resolve socket-default stroke vici updown eap-identity eap-md5 eap-mschapv2 eap-dynamic eap-radius eap-tls eap-ttls eap-peap eap-tnc xauth-generic xauth-eap tnc-tnccs counters
00[LIB] unable to load 13 plugin features (13 due to unmet dependencies)
00[JOB] spawning 16 worker threads
01[LIB] created thread 01 [122053]
08[LIB] created thread 08 [122056]
03[LIB] created thread 03 [122048]
05[LIB] created thread 05 [122051]
06[LIB] created thread 06 [122052]
07[LIB] created thread 07 [122054]
09[LIB] created thread 09 [122050]
10[LIB] created thread 10 [122057]
04[LIB] created thread 04 [122049]
02[LIB] created thread 02 [122055]
11[LIB] created thread 11 [122058]
11[JOB] started worker thread 11
11[JOB] no events, waiting
13[LIB] created thread 13 [122062]
13[JOB] started worker thread 13
13[JOB]   watching 9 for reading
13[JOB]   watching 15 for reading
13[JOB]   watching 16 for reading
13[JOB]   watching 17 for reading
13[JOB] watcher going to poll() 5 fds
13[JOB] watcher got notification, rebuilding
13[JOB]   watching 9 for reading
13[JOB]   watching 15 for reading
13[JOB]   watching 16 for reading
13[JOB]   watching 17 for reading
13[JOB] watcher going to poll() 5 fds
14[LIB] created thread 14 [122060]
15[LIB] created thread 15 [122061]
15[JOB] started worker thread 15
15[NET] waiting for data on sockets
12[LIB] created thread 12 [122059]
12[JOB] started worker thread 12
08[JOB] started worker thread 08
14[JOB] started worker thread 14
03[JOB] started worker thread 03
01[JOB] started worker thread 01
16[LIB] created thread 16 [122063]
16[JOB] started worker thread 16
05[JOB] started worker thread 05
06[JOB] started worker thread 06
07[JOB] started worker thread 07
09[JOB] started worker thread 09
10[JOB] started worker thread 10
04[JOB] started worker thread 04
02[JOB] started worker thread 02
00[DMN] signal of type SIGINT received. Shutting down
00[MGR] going to destroy IKE_SA manager and all managed IKE_SA's
00[MGR] set driveout flags for all stored IKE_SA's
00[MGR] wait for all threads to leave IKE_SA's
00[MGR] delete all IKE_SA's
00[MGR] destroy all entries
11[JOB] terminated worker thread 11
15[JOB] terminated worker thread 15
12[JOB] terminated worker thread 12
13[JOB] terminated worker thread 13
00[KNL] sending RTM_GETRULE 205: => 36 bytes @ 0x7fff6e822fe0
00[KNL] received (2) 205: => 36 bytes @ 0x1486d00
00[KNL] sending RTM_GETRULE 206: => 36 bytes @ 0x7fff6e822fe0
00[KNL] received (2) 206: => 36 bytes @ 0x1490d60

******************************************************************************************************************************************************************************************************************
******************************************************************************************************************************************************************************************************************
******************************************************************************************************************************************************************************************************************
******************************************************************************************************************************************************************************************************************
******************************************************************************************************************************************************************************************************************
******************************************************************************************************************************************************************************************************************
******************************************************************************************************************************************************************************************************************
******************************************************************************************************************************************************************************************************************
******************************************************************************************************************************************************************************************************************

00[DMN] Starting IKE charon daemon (strongSwan 5.7.2, Linux 3.10.0-1160.59.1.el7.x86_64, x86_64)
00[LIB] plugin 'aes': loaded successfully
00[LIB] plugin 'des': loaded successfully
00[LIB] plugin 'rc2': loaded successfully
00[LIB] plugin 'sha2': loaded successfully
00[LIB] plugin 'sha1': loaded successfully
00[LIB] plugin 'md5': loaded successfully
00[LIB] plugin 'mgf1': loaded successfully
00[LIB] plugin 'random': loaded successfully
00[LIB] plugin 'nonce': loaded successfully
00[LIB] plugin 'x509': loaded successfully
00[LIB] plugin 'revocation': loaded successfully
00[LIB] plugin 'constraints': loaded successfully
00[LIB] plugin 'pubkey': loaded successfully
00[LIB] plugin 'pkcs1': loaded successfully
00[LIB] plugin 'pkcs7': loaded successfully
00[LIB] plugin 'pkcs8': loaded successfully
00[LIB] plugin 'pkcs12': loaded successfully
00[LIB] plugin 'pgp': loaded successfully
00[LIB] plugin 'dnskey': loaded successfully
00[LIB] plugin 'sshkey': loaded successfully
00[LIB] plugin 'pem': loaded successfully
00[LIB] openssl FIPS mode(0) - disabled 
00[LIB] plugin 'openssl': loaded successfully
00[LIB] plugin 'fips-prf': loaded successfully
00[LIB] plugin 'gmp': loaded successfully
00[LIB] plugin 'curve25519': loaded successfully
00[LIB] plugin 'xcbc': loaded successfully
00[LIB] plugin 'cmac': loaded successfully
00[LIB] plugin 'hmac': loaded successfully
00[LIB] plugin 'attr': loaded successfully
00[LIB] plugin 'kernel-netlink': loaded successfully
00[LIB] plugin 'resolve': loaded successfully
00[LIB] plugin 'socket-default': loaded successfully
00[LIB] plugin 'stroke': loaded successfully
00[LIB] plugin 'vici': loaded successfully
00[LIB] plugin 'updown': loaded successfully
00[LIB] plugin 'eap-identity': loaded successfully
00[LIB] plugin 'eap-md5': loaded successfully
00[LIB] plugin 'eap-mschapv2': loaded successfully
00[LIB] plugin 'eap-dynamic': loaded successfully
00[LIB] plugin 'eap-radius': loaded successfully
00[LIB] plugin 'eap-tls': loaded successfully
00[LIB] plugin 'eap-ttls': loaded successfully
00[LIB] plugin 'eap-peap': loaded successfully
00[LIB] plugin 'eap-tnc': loaded successfully
00[LIB] plugin 'xauth-generic': loaded successfully
00[LIB] plugin 'xauth-eap': loaded successfully
00[LIB] plugin 'tnc-tnccs': loaded successfully
00[LIB] plugin 'counters': loaded successfully
00[LIB] loading feature CUSTOM:libcharon in plugin 'charon'
00[LIB]   loading feature NONCE_GEN in plugin 'nonce'
00[LIB]     loading feature RNG:RNG_WEAK in plugin 'openssl'
00[LIB]     loading feature RNG:RNG_STRONG in plugin 'random'
00[LIB]     loading feature RNG:RNG_STRONG in plugin 'openssl'
00[LIB]     loading feature RNG:RNG_TRUE in plugin 'random'
00[LIB]   loading feature CUSTOM:libcharon-sa-managers in plugin 'charon'
00[LIB]     loading feature HASHER:HASH_SHA1 in plugin 'sha1'
00[LIB]     loading feature HASHER:HASH_SHA1 in plugin 'openssl'
00[LIB]   loading feature CUSTOM:libcharon-receiver in plugin 'charon'
00[LIB]     loading feature CUSTOM:socket in plugin 'socket-default'
00[LIB]       loading feature CUSTOM:kernel-ipsec in plugin 'kernel-netlink'
00[KNL] sending XFRM_MSG_GETSPDINFO 201: => 20 bytes @ 0x7ffcebf67810
[KNL] received XFRM_MSG_NEWSPDINFO 201: => 76 bytes @ 0x11f10a0
00[KNL] sending XFRM_MSG_GETSPDINFO 202: => 20 bytes @ 0x7ffcebf67810
00[KNL] received XFRM_MSG_NEWSPDINFO 202: => 76 bytes @ 0x11f10a0
00[LIB]   loading feature CUSTOM:kernel-net in plugin 'kernel-netlink'
00[KNL] known interfaces and IP addresses:
00[KNL] sending RTM_GETLINK 201: => 17 bytes @ 0x7ffcebf67ec0
00[KNL] received RTM_NEWLINK 201: => 1240 bytes @ 0x11f2460
00[KNL] received RTM_NEWLINK 201: => 1248 bytes @ 0x11f2940
[KNL] received (3) 201: => 20 bytes @ 0x11f21c0
00[KNL] sending RTM_GETADDR 202: => 17 bytes @ 0x7ffcebf67ec0
00[KNL] received RTM_NEWADDR 202: => 76 bytes @ 0x11f23e0
00[KNL] received RTM_NEWADDR 202: => 88 bytes @ 0x11f2460
00[KNL] received RTM_NEWADDR 202: => 72 bytes @ 0x11f24c0
[KNL] received RTM_NEWADDR 202: => 72 bytes @ 0x11f2510
00[KNL] received (3) 202: => 20 bytes @ 0x11f2440
00[KNL] sending RTM_DELRULE 203: => 36 bytes @ 0x7ffcebf67ed0
00[KNL] received (2) 203: => 36 bytes @ 0x11f2460
00[KNL] sending RTM_DELRULE 204: => 36 bytes @ 0x7ffcebf67ed0
00[KNL] received (2) 204: => 36 bytes @ 0x11f2460
00[LIB] loading feature CRYPTER:AES_CBC-16 in plugin 'aes'
00[LIB] loading feature CRYPTER:AES_CBC-24 in plugin 'aes'
00[LIB] loading feature CRYPTER:AES_CBC-32 in plugin 'aes'
00[LIB] loading feature CRYPTER:3DES_CBC-24 in plugin 'des'
00[LIB] loading feature CRYPTER:DES_CBC-8 in plugin 'des'
00[LIB] loading feature CRYPTER:DES_ECB-8 in plugin 'des'
00[LIB] loading feature CRYPTER:RC2_CBC-0 in plugin 'rc2'
00[LIB] loading feature HASHER:HASH_SHA2_224 in plugin 'sha2'
00[LIB] loading feature HASHER:HASH_SHA2_256 in plugin 'sha2'
00[LIB] loading feature HASHER:HASH_SHA2_384 in plugin 'sha2'
00[LIB] loading feature HASHER:HASH_SHA2_512 in plugin 'sha2'
00[LIB] loading feature PRF:PRF_KEYED_SHA1 in plugin 'sha1'
00[LIB] loading feature HASHER:HASH_MD5 in plugin 'md5'
00[LIB] loading feature XOF:XOF_MGF1_SHA1 in plugin 'mgf1'
00[LIB] loading feature XOF:XOF_MGF1_SHA224 in plugin 'mgf1'
00[LIB]   loading feature HASHER:HASH_SHA2_224 in plugin 'openssl'
00[LIB] loading feature XOF:XOF_MGF1_SHA256 in plugin 'mgf1'
00[LIB]   loading feature HASHER:HASH_SHA2_256 in plugin 'openssl'
00[LIB] loading feature XOF:XOF_MGF1_SHA384 in plugin 'mgf1'
00[LIB]   loading feature HASHER:HASH_SHA2_384 in plugin 'openssl'
00[LIB] loading feature XOF:XOF_MGF1_SHA512 in plugin 'mgf1'
00[LIB]   loading feature HASHER:HASH_SHA2_512 in plugin 'openssl'
00[LIB] loading feature CERT_ENCODE:X509 in plugin 'x509'
00[LIB] loading feature CERT_DECODE:X509 in plugin 'x509'
00[LIB]   loading feature PUBKEY:ANY in plugin 'pkcs1'
00[LIB]     loading feature PUBKEY:RSA in plugin 'pkcs1'
00[LIB]     loading feature PUBKEY:RSA in plugin 'pgp'
00[LIB]     loading feature PUBKEY:RSA in plugin 'dnskey'
00[LIB]     loading feature PUBKEY:RSA in plugin 'pem'
00[LIB]       loop detected while loading PUBKEY:RSA in plugin 'pem'
00[LIB]       loading feature PUBKEY:RSA in plugin 'openssl'
00[LIB]       loading feature PUBKEY:RSA in plugin 'gmp'
00[LIB]     loading feature PUBKEY:ECDSA in plugin 'pem'
00[LIB]       loop detected while loading PUBKEY:ECDSA in plugin 'pem'
00[LIB]       loading feature PUBKEY:ECDSA in plugin 'openssl'
00[LIB]     loading feature PUBKEY:ED25519 in plugin 'pem'
00[LIB]       loop detected while loading PUBKEY:ED25519 in plugin 'pem'
00[LIB]       loading feature PUBKEY:ED25519 in plugin 'curve25519'
00[LIB]     feature PUBKEY:ANY in plugin 'pkcs1' has unmet soft dependency: PUBKEY:ED448
00[LIB]     loading feature PUBKEY:BLISS in plugin 'pem'
00[LIB] feature PUBKEY:BLISS in plugin 'pem' has unmet dependency: PUBKEY:BLISS
00[LIB]     feature PUBKEY:ANY in plugin 'pkcs1' has unmet soft dependency: PUBKEY:BLISS
00[LIB]     loading feature PUBKEY:DSA in plugin 'pem'
00[LIB] feature PUBKEY:DSA in plugin 'pem' has unmet dependency: PUBKEY:DSA
00[LIB]     feature PUBKEY:ANY in plugin 'pkcs1' has unmet soft dependency: PUBKEY:DSA
00[LIB]   loading feature PUBKEY:ANY in plugin 'pgp'
00[LIB]   loading feature PUBKEY:ANY in plugin 'dnskey'
00[LIB]   loading feature PUBKEY:ANY in plugin 'sshkey'
00[LIB]   loading feature PUBKEY:ANY in plugin 'pem'
00[LIB]     loop detected while loading PUBKEY:ANY in plugin 'pem'
00[LIB]     loading feature PUBKEY:ANY in plugin 'openssl'
00[LIB] loading feature CERT_ENCODE:X509_AC in plugin 'x509'
00[LIB] loading feature CERT_DECODE:X509_AC in plugin 'x509'
00[LIB] loading feature CERT_ENCODE:X509_CRL in plugin 'x509'
00[LIB] loading feature CERT_DECODE:X509_CRL in plugin 'x509'
00[LIB] loading feature CERT_ENCODE:OCSP_REQUEST in plugin 'x509'
00[LIB] loading feature CERT_DECODE:OCSP_RESPONSE in plugin 'x509'
00[LIB] loading feature CERT_ENCODE:PKCS10_REQUEST in plugin 'x509'
00[LIB] loading feature CERT_DECODE:PKCS10_REQUEST in plugin 'x509'
00[LIB] loading feature CUSTOM:revocation in plugin 'revocation'
00[LIB]   loading feature CERT_DECODE:OCSP_RESPONSE in plugin 'pem'
00[LIB]   loading feature CERT_DECODE:X509_CRL in plugin 'pem'
00[LIB]     loop detected while loading CERT_DECODE:X509_CRL in plugin 'pem'
00[LIB]     loading feature CERT_DECODE:X509_CRL in plugin 'openssl'
00[LIB]   loading feature CERT_DECODE:X509 in plugin 'pem'
00[LIB]     loop detected while loading CERT_DECODE:X509 in plugin 'pem'
00[LIB]     loading feature CERT_DECODE:X509 in plugin 'openssl'
00[LIB]       feature CERT_DECODE:X509 in plugin 'openssl' has unmet soft dependency: PUBKEY:DSA
00[LIB]   feature CUSTOM:revocation in plugin 'revocation' has unmet soft dependency: FETCHER:(null)
00[LIB] loading feature CUSTOM:constraints in plugin 'constraints'
00[LIB] loading feature CERT_ENCODE:PUBKEY in plugin 'pubkey'
00[LIB] loading feature CERT_DECODE:PUBKEY in plugin 'pubkey'
00[LIB]   feature CERT_DECODE:PUBKEY in plugin 'pubkey' has unmet soft dependency: PUBKEY:DSA
00[LIB] loading feature PRIVKEY:ANY in plugin 'pkcs1'
00[LIB]   loading feature PRIVKEY:RSA in plugin 'pkcs1'
00[LIB]   loading feature PRIVKEY:RSA in plugin 'pkcs8'
00[LIB]   loading feature PRIVKEY:RSA in plugin 'pgp'
00[LIB]   loading feature PRIVKEY:RSA in plugin 'pem'
00[LIB]     loop detected while loading PRIVKEY:RSA in plugin 'pem'
00[LIB]     loading feature PRIVKEY:RSA in plugin 'openssl'
00[LIB]     loading feature PRIVKEY:RSA in plugin 'gmp'
00[LIB]     loading feature HASHER:HASH_MD5 in plugin 'openssl'
00[LIB]   loading feature PRIVKEY:ECDSA in plugin 'pkcs8'
00[LIB]   loading feature PRIVKEY:ECDSA in plugin 'pem'
00[LIB]     loop detected while loading PRIVKEY:ECDSA in plugin 'pem'
00[LIB]     loading feature PRIVKEY:ECDSA in plugin 'openssl'
00[LIB] loading feature CONTAINER_DECODE:PKCS7 in plugin 'pkcs7'
00[LIB] loading feature CONTAINER_ENCODE:PKCS7_DATA in plugin 'pkcs7'
00[LIB] loading feature CONTAINER_ENCODE:PKCS7_SIGNED_DATA in plugin 'pkcs7'
00[LIB] loading feature CONTAINER_ENCODE:PKCS7_ENVELOPED_DATA in plugin 'pkcs7'
00[LIB] loading feature PRIVKEY:ANY in plugin 'pkcs8'
00[LIB] loading feature PRIVKEY:ED25519 in plugin 'pkcs8'
00[LIB] loading feature PRIVKEY:ED448 in plugin 'pkcs8'
00[LIB] loading feature CONTAINER_DECODE:PKCS12 in plugin 'pkcs12'
00[LIB]   loading feature CONTAINER_DECODE:PKCS7 in plugin 'openssl'
00[LIB]   loading feature PRIVKEY:ANY in plugin 'pgp'
00[LIB]   loading feature PRIVKEY:ANY in plugin 'pem'
00[LIB]     loop detected while loading PRIVKEY:ANY in plugin 'pem'
00[LIB]     loading feature PRIVKEY:ANY in plugin 'openssl'
00[LIB]     loading feature PRIVKEY:ANY in plugin 'openssl'
00[LIB]   loading feature CRYPTER:3DES_CBC-24 in plugin 'openssl'
00[LIB] loading feature CERT_DECODE:PGP in plugin 'pgp'
00[LIB] loading feature CERT_DECODE:PUBKEY in plugin 'sshkey'
00[LIB] loading feature PRIVKEY:DSA in plugin 'pem'
00[LIB] feature PRIVKEY:DSA in plugin 'pem' has unmet dependency: PRIVKEY:DSA
00[LIB] loading feature PRIVKEY:BLISS in plugin 'pem'
00[LIB] feature PRIVKEY:BLISS in plugin 'pem' has unmet dependency: PRIVKEY:BLISS
00[LIB] loading feature PRIVKEY:ED25519 in plugin 'pem'
00[LIB]   loop detected while loading PRIVKEY:ED25519 in plugin 'pem'
00[LIB]   loading feature PRIVKEY:ED25519 in plugin 'curve25519'
00[LIB] loading feature CERT_DECODE:ANY in plugin 'pem'
00[LIB]   loading feature CERT_DECODE:PGP in plugin 'pem'
00[LIB] loading feature CERT_DECODE:OCSP_REQUEST in plugin 'pem'
00[LIB] feature CERT_DECODE:OCSP_REQUEST in plugin 'pem' has unmet dependency: CERT_DECODE:OCSP_REQUEST
00[LIB] loading feature CERT_DECODE:X509_AC in plugin 'pem'
00[LIB] loading feature CERT_DECODE:PKCS10_REQUEST in plugin 'pem'
00[LIB] loading feature CERT_DECODE:PUBKEY in plugin 'pem'
00[LIB] loading feature CONTAINER_DECODE:PKCS12 in plugin 'pem'
00[LIB]   loop detected while loading CONTAINER_DECODE:PKCS12 in plugin 'pem'
00[LIB]   loading feature CONTAINER_DECODE:PKCS12 in plugin 'openssl'
00[LIB] loading feature CUSTOM:openssl-threading in plugin 'openssl'
00[LIB] loading feature CRYPTER:AES_CBC-16 in plugin 'openssl'
00[LIB] loading feature CRYPTER:AES_CBC-24 in plugin 'openssl'
00[LIB] loading feature CRYPTER:AES_CBC-32 in plugin 'openssl'
00[LIB] loading feature CRYPTER:CAMELLIA_CBC-16 in plugin 'openssl'
00[LIB] loading feature CRYPTER:CAMELLIA_CBC-24 in plugin 'openssl'
00[LIB] loading feature CRYPTER:CAMELLIA_CBC-32 in plugin 'openssl'
00[LIB] loading feature CRYPTER:RC5_CBC-0 in plugin 'openssl'
00[LIB] loading feature CRYPTER:CAST_CBC-0 in plugin 'openssl'
00[LIB] loading feature CRYPTER:BLOWFISH_CBC-0 in plugin 'openssl'
00[LIB] loading feature CRYPTER:IDEA_CBC-16 in plugin 'openssl'
00[LIB] loading feature CRYPTER:DES_CBC-8 in plugin 'openssl'
00[LIB] loading feature CRYPTER:DES_ECB-8 in plugin 'openssl'
00[LIB] loading feature CRYPTER:NULL-0 in plugin 'openssl'
00[LIB] loading feature HASHER:HASH_MD2 in plugin 'openssl'
00[LIB] loading feature HASHER:HASH_MD4 in plugin 'openssl'
00[LIB] loading feature PRF:PRF_KEYED_SHA1 in plugin 'openssl'
00[LIB] loading feature PRF:PRF_HMAC_MD5 in plugin 'openssl'
00[LIB] loading feature PRF:PRF_HMAC_SHA1 in plugin 'openssl'
00[LIB] loading feature PRF:PRF_HMAC_SHA2_256 in plugin 'openssl'
00[LIB] loading feature PRF:PRF_HMAC_SHA2_384 in plugin 'openssl'
00[LIB] loading feature PRF:PRF_HMAC_SHA2_512 in plugin 'openssl'
00[LIB] loading feature SIGNER:HMAC_MD5_96 in plugin 'openssl'
00[LIB] loading feature SIGNER:HMAC_MD5_128 in plugin 'openssl'
00[LIB] loading feature SIGNER:HMAC_SHA1_96 in plugin 'openssl'
00[LIB] loading feature SIGNER:HMAC_SHA1_128 in plugin 'openssl'
00[LIB] loading feature SIGNER:HMAC_SHA1_160 in plugin 'openssl'
00[LIB] loading feature SIGNER:HMAC_SHA2_256_128 in plugin 'openssl'
00[LIB] loading feature SIGNER:HMAC_SHA2_256_256 in plugin 'openssl'
00[LIB] loading feature SIGNER:HMAC_SHA2_384_192 in plugin 'openssl'
00[LIB] loading feature SIGNER:HMAC_SHA2_384_384 in plugin 'openssl'
00[LIB] loading feature SIGNER:HMAC_SHA2_512_256 in plugin 'openssl'
00[LIB] loading feature SIGNER:HMAC_SHA2_512_512 in plugin 'openssl'
00[LIB] loading feature AEAD:AES_GCM_16-16 in plugin 'openssl'
00[LIB] loading feature AEAD:AES_GCM_16-24 in plugin 'openssl'
00[LIB] loading feature AEAD:AES_GCM_16-32 in plugin 'openssl'
00[LIB] loading feature AEAD:AES_GCM_12-16 in plugin 'openssl'
00[LIB] loading feature AEAD:AES_GCM_12-24 in plugin 'openssl'
00[LIB] loading feature AEAD:AES_GCM_12-32 in plugin 'openssl'
00[LIB] loading feature AEAD:AES_GCM_8-16 in plugin 'openssl'
00[LIB] loading feature AEAD:AES_GCM_8-24 in plugin 'openssl'
00[LIB] loading feature AEAD:AES_GCM_8-32 in plugin 'openssl'
00[LIB] loading feature DH:ECP_256 in plugin 'openssl'
00[LIB] loading feature DH:ECP_384 in plugin 'openssl'
00[LIB] loading feature DH:ECP_521 in plugin 'openssl'
00[LIB] loading feature DH:ECP_224 in plugin 'openssl'
00[LIB] loading feature DH:ECP_192 in plugin 'openssl'
00[LIB] loading feature DH:ECP_256_BP in plugin 'openssl'
00[LIB] loading feature DH:ECP_384_BP in plugin 'openssl'
00[LIB] loading feature DH:ECP_512_BP in plugin 'openssl'
00[LIB] loading feature DH:ECP_224_BP in plugin 'openssl'
00[LIB] loading feature DH:MODP_3072 in plugin 'openssl'
00[LIB] loading feature DH:MODP_4096 in plugin 'openssl'
00[LIB] loading feature DH:MODP_6144 in plugin 'openssl'
00[LIB] loading feature DH:MODP_8192 in plugin 'openssl'
00[LIB] loading feature DH:MODP_2048 in plugin 'openssl'
00[LIB] loading feature DH:MODP_2048_224 in plugin 'openssl'
00[LIB] loading feature DH:MODP_2048_256 in plugin 'openssl'
00[LIB] loading feature DH:MODP_1536 in plugin 'openssl'
00[LIB] loading feature DH:MODP_1024 in plugin 'openssl'
00[LIB] loading feature DH:MODP_1024_160 in plugin 'openssl'
00[LIB] loading feature DH:MODP_768 in plugin 'openssl'
00[LIB] loading feature DH:MODP_CUSTOM in plugin 'openssl'
00[LIB] loading feature PRIVKEY_GEN:RSA in plugin 'openssl'
00[LIB] loading feature PRIVKEY_SIGN:RSA_EMSA_PKCS1_NULL in plugin 'openssl'
00[LIB] loading feature PUBKEY_VERIFY:RSA_EMSA_PKCS1_NULL in plugin 'openssl'
00[LIB] loading feature PRIVKEY_SIGN:RSA_EMSA_PSS in plugin 'openssl'
00[LIB] loading feature PUBKEY_VERIFY:RSA_EMSA_PSS in plugin 'openssl'
00[LIB] loading feature PRIVKEY_SIGN:RSA_EMSA_PKCS1_SHA1 in plugin 'openssl'
00[LIB] loading feature PUBKEY_VERIFY:RSA_EMSA_PKCS1_SHA1 in plugin 'openssl'
00[LIB] loading feature PRIVKEY_SIGN:RSA_EMSA_PKCS1_SHA2_224 in plugin 'openssl'
00[LIB] loading feature PRIVKEY_SIGN:RSA_EMSA_PKCS1_SHA2_256 in plugin 'openssl'
00[LIB] loading feature PUBKEY_VERIFY:RSA_EMSA_PKCS1_SHA2_224 in plugin 'openssl'
00[LIB] loading feature PUBKEY_VERIFY:RSA_EMSA_PKCS1_SHA2_256 in plugin 'openssl'
00[LIB] loading feature PRIVKEY_SIGN:RSA_EMSA_PKCS1_SHA2_384 in plugin 'openssl'
00[LIB] loading feature PRIVKEY_SIGN:RSA_EMSA_PKCS1_SHA2_512 in plugin 'openssl'
00[LIB] loading feature PUBKEY_VERIFY:RSA_EMSA_PKCS1_SHA2_384 in plugin 'openssl'
00[LIB] loading feature PUBKEY_VERIFY:RSA_EMSA_PKCS1_SHA2_512 in plugin 'openssl'
00[LIB] loading feature PRIVKEY_SIGN:RSA_EMSA_PKCS1_MD5 in plugin 'openssl'
00[LIB] loading feature PUBKEY_VERIFY:RSA_EMSA_PKCS1_MD5 in plugin 'openssl'
00[LIB] loading feature PRIVKEY_DECRYPT:ENCRYPT_RSA_PKCS1 in plugin 'openssl'
00[LIB] loading feature PUBKEY_ENCRYPT:ENCRYPT_RSA_PKCS1 in plugin 'openssl'
00[LIB] loading feature PRIVKEY_GEN:ECDSA in plugin 'openssl'
00[LIB] loading feature PRIVKEY_SIGN:ECDSA_WITH_NULL in plugin 'openssl'
00[LIB] loading feature PUBKEY_VERIFY:ECDSA_WITH_NULL in plugin 'openssl'
00[LIB] loading feature PRIVKEY_SIGN:ECDSA_WITH_SHA1_DER in plugin 'openssl'
00[LIB] loading feature PUBKEY_VERIFY:ECDSA_WITH_SHA1_DER in plugin 'openssl'
00[LIB] loading feature PRIVKEY_SIGN:ECDSA_WITH_SHA256_DER in plugin 'openssl'
00[LIB] loading feature PUBKEY_VERIFY:ECDSA_WITH_SHA256_DER in plugin 'openssl'
00[LIB] loading feature PRIVKEY_SIGN:ECDSA-256 in plugin 'openssl'
00[LIB] loading feature PUBKEY_VERIFY:ECDSA-256 in plugin 'openssl'
00[LIB] loading feature PRIVKEY_SIGN:ECDSA_WITH_SHA384_DER in plugin 'openssl'
00[LIB] loading feature PRIVKEY_SIGN:ECDSA_WITH_SHA512_DER in plugin 'openssl'
00[LIB] loading feature PUBKEY_VERIFY:ECDSA_WITH_SHA384_DER in plugin 'openssl'
00[LIB] loading feature PUBKEY_VERIFY:ECDSA_WITH_SHA512_DER in plugin 'openssl'
00[LIB] loading feature PRIVKEY_SIGN:ECDSA-384 in plugin 'openssl'
00[LIB] loading feature PRIVKEY_SIGN:ECDSA-521 in plugin 'openssl'
00[LIB] loading feature PUBKEY_VERIFY:ECDSA-384 in plugin 'openssl'
00[LIB] loading feature PUBKEY_VERIFY:ECDSA-521 in plugin 'openssl'
00[LIB] loading feature PRF:PRF_FIPS_SHA1_160 in plugin 'fips-prf'
00[LIB] loading feature DH:MODP_3072 in plugin 'gmp'
00[LIB] loading feature DH:MODP_4096 in plugin 'gmp'
00[LIB] loading feature DH:MODP_6144 in plugin 'gmp'
00[LIB] loading feature DH:MODP_8192 in plugin 'gmp'
00[LIB] loading feature DH:MODP_2048 in plugin 'gmp'
00[LIB] loading feature DH:MODP_2048_224 in plugin 'gmp'
00[LIB] loading feature DH:MODP_2048_256 in plugin 'gmp'
00[LIB] loading feature DH:MODP_1536 in plugin 'gmp'
00[LIB] loading feature DH:MODP_1024 in plugin 'gmp'
00[LIB] loading feature DH:MODP_1024_160 in plugin 'gmp'
00[LIB] loading feature DH:MODP_768 in plugin 'gmp'
00[LIB] loading feature DH:MODP_CUSTOM in plugin 'gmp'
00[LIB] loading feature PRIVKEY_GEN:RSA in plugin 'gmp'
00[LIB] loading feature PRIVKEY_SIGN:RSA_EMSA_PSS in plugin 'gmp'
00[LIB] loading feature PRIVKEY_SIGN:RSA_EMSA_PKCS1_NULL in plugin 'gmp'
00[LIB] loading feature PRIVKEY_SIGN:RSA_EMSA_PKCS1_SHA2_224 in plugin 'gmp'
00[LIB] loading feature PRIVKEY_SIGN:RSA_EMSA_PKCS1_SHA2_256 in plugin 'gmp'
00[LIB] loading feature PRIVKEY_SIGN:RSA_EMSA_PKCS1_SHA2_384 in plugin 'gmp'
00[LIB] loading feature PRIVKEY_SIGN:RSA_EMSA_PKCS1_SHA2_512 in plugin 'gmp'
00[LIB] loading feature PRIVKEY_SIGN:RSA_EMSA_PKCS1_SHA3_224 in plugin 'gmp'
00[LIB] feature PRIVKEY_SIGN:RSA_EMSA_PKCS1_SHA3_224 in plugin 'gmp' has unmet dependency: HASHER:HASH_SHA3_224
00[LIB] loading feature PRIVKEY_SIGN:RSA_EMSA_PKCS1_SHA3_256 in plugin 'gmp'
00[LIB] feature PRIVKEY_SIGN:RSA_EMSA_PKCS1_SHA3_256 in plugin 'gmp' has unmet dependency: HASHER:HASH_SHA3_256
00[LIB] loading feature PRIVKEY_SIGN:RSA_EMSA_PKCS1_SHA3_384 in plugin 'gmp'
00[LIB] feature PRIVKEY_SIGN:RSA_EMSA_PKCS1_SHA3_384 in plugin 'gmp' has unmet dependency: HASHER:HASH_SHA3_384
00[LIB] loading feature PRIVKEY_SIGN:RSA_EMSA_PKCS1_SHA3_512 in plugin 'gmp'
00[LIB] feature PRIVKEY_SIGN:RSA_EMSA_PKCS1_SHA3_512 in plugin 'gmp' has unmet dependency: HASHER:HASH_SHA3_512
00[LIB] loading feature PRIVKEY_SIGN:RSA_EMSA_PKCS1_SHA1 in plugin 'gmp'
00[LIB] loading feature PRIVKEY_SIGN:RSA_EMSA_PKCS1_MD5 in plugin 'gmp'
00[LIB] loading feature PUBKEY_VERIFY:RSA_EMSA_PSS in plugin 'gmp'
00[LIB] loading feature PUBKEY_VERIFY:RSA_EMSA_PKCS1_NULL in plugin 'gmp'
00[LIB] loading feature PUBKEY_VERIFY:RSA_EMSA_PKCS1_SHA2_224 in plugin 'gmp'
00[LIB] loading feature PUBKEY_VERIFY:RSA_EMSA_PKCS1_SHA2_256 in plugin 'gmp'
00[LIB] loading feature PUBKEY_VERIFY:RSA_EMSA_PKCS1_SHA2_384 in plugin 'gmp'
00[LIB] loading feature PUBKEY_VERIFY:RSA_EMSA_PKCS1_SHA2_512 in plugin 'gmp'
00[LIB] loading feature PUBKEY_VERIFY:RSA_EMSA_PKCS1_SHA3_224 in plugin 'gmp'
00[LIB] feature PUBKEY_VERIFY:RSA_EMSA_PKCS1_SHA3_224 in plugin 'gmp' has unmet dependency: HASHER:HASH_SHA3_224
00[LIB] loading feature PUBKEY_VERIFY:RSA_EMSA_PKCS1_SHA3_256 in plugin 'gmp'
00[LIB] feature PUBKEY_VERIFY:RSA_EMSA_PKCS1_SHA3_256 in plugin 'gmp' has unmet dependency: HASHER:HASH_SHA3_256
00[LIB] loading feature PUBKEY_VERIFY:RSA_EMSA_PKCS1_SHA3_384 in plugin 'gmp'
00[LIB] feature PUBKEY_VERIFY:RSA_EMSA_PKCS1_SHA3_384 in plugin 'gmp' has unmet dependency: HASHER:HASH_SHA3_384
00[LIB] loading feature PUBKEY_VERIFY:RSA_EMSA_PKCS1_SHA3_512 in plugin 'gmp'
00[LIB] feature PUBKEY_VERIFY:RSA_EMSA_PKCS1_SHA3_512 in plugin 'gmp' has unmet dependency: HASHER:HASH_SHA3_512
00[LIB] loading feature PUBKEY_VERIFY:RSA_EMSA_PKCS1_SHA1 in plugin 'gmp'
00[LIB] loading feature PUBKEY_VERIFY:RSA_EMSA_PKCS1_MD5 in plugin 'gmp'
00[LIB] loading feature PRIVKEY_DECRYPT:ENCRYPT_RSA_PKCS1 in plugin 'gmp'
00[LIB] loading feature PUBKEY_ENCRYPT:ENCRYPT_RSA_PKCS1 in plugin 'gmp'
00[LIB] loading feature DH:CURVE_25519 in plugin 'curve25519'
00[LIB] loading feature PRIVKEY_GEN:ED25519 in plugin 'curve25519'
00[LIB] loading feature PRIVKEY_SIGN:ED25519 in plugin 'curve25519'
00[LIB] loading feature PUBKEY_VERIFY:ED25519 in plugin 'curve25519'
00[LIB] loading feature HASHER:HASH_IDENTITY in plugin 'curve25519'
00[LIB] loading feature PRF:PRF_AES128_XCBC in plugin 'xcbc'
00[LIB] loading feature PRF:PRF_CAMELLIA128_XCBC in plugin 'xcbc'
00[LIB] loading feature SIGNER:CAMELLIA_XCBC_96 in plugin 'xcbc'
00[LIB] loading feature SIGNER:AES_XCBC_96 in plugin 'xcbc'
00[LIB] loading feature PRF:PRF_AES128_CMAC in plugin 'cmac'
00[LIB] loading feature SIGNER:AES_CMAC_96 in plugin 'cmac'
00[LIB] loading feature PRF:PRF_HMAC_SHA1 in plugin 'hmac'
00[LIB] loading feature PRF:PRF_HMAC_MD5 in plugin 'hmac'
00[LIB] loading feature PRF:PRF_HMAC_SHA2_256 in plugin 'hmac'
00[LIB] loading feature PRF:PRF_HMAC_SHA2_384 in plugin 'hmac'
00[LIB] loading feature PRF:PRF_HMAC_SHA2_512 in plugin 'hmac'
00[LIB] loading feature SIGNER:HMAC_SHA1_96 in plugin 'hmac'
00[LIB] loading feature SIGNER:HMAC_SHA1_128 in plugin 'hmac'
00[LIB] loading feature SIGNER:HMAC_SHA1_160 in plugin 'hmac'
00[LIB] loading feature SIGNER:HMAC_MD5_96 in plugin 'hmac'
00[LIB] loading feature SIGNER:HMAC_MD5_128 in plugin 'hmac'
00[LIB] loading feature SIGNER:HMAC_SHA2_256_128 in plugin 'hmac'
00[LIB] loading feature SIGNER:HMAC_SHA2_256_256 in plugin 'hmac'
00[LIB] loading feature SIGNER:HMAC_SHA2_384_192 in plugin 'hmac'
00[LIB] loading feature SIGNER:HMAC_SHA2_384_384 in plugin 'hmac'
00[LIB] loading feature SIGNER:HMAC_SHA2_512_256 in plugin 'hmac'
00[LIB] loading feature SIGNER:HMAC_SHA2_512_512 in plugin 'hmac'
00[LIB] loading feature CUSTOM:attr in plugin 'attr'
00[LIB] loading feature CUSTOM:resolve in plugin 'resolve'
00[LIB] loading feature CUSTOM:stroke in plugin 'stroke'
00[LIB]   loading feature CUSTOM:counters in plugin 'counters'
00[LIB]   feature CUSTOM:stroke in plugin 'stroke' has unmet soft dependency: PRIVKEY:DSA
00[LIB]   feature CUSTOM:stroke in plugin 'stroke' has unmet soft dependency: PRIVKEY:BLISS
00[CFG] loading ca certificates from '/etc/ipsec.d/cacerts'
00[CFG] loading aa certificates from '/etc/ipsec.d/aacerts'
00[CFG] loading ocsp signer certificates from '/etc/ipsec.d/ocspcerts'
00[CFG] loading attribute certificates from '/etc/ipsec.d/acerts'
00[CFG] loading crls from '/etc/ipsec.d/crls'
00[CFG] loading secrets from '/etc/ipsec.secrets'
00[CFG] expanding file expression '/etc/ipsec.d/*.secrets' failed
00[LIB] loading feature CUSTOM:vici in plugin 'vici'
00[LIB] loading feature CUSTOM:updown in plugin 'updown'
00[LIB] loading feature EAP_SERVER:ID in plugin 'eap-identity'
00[LIB] loading feature EAP_CLIENT:ID in plugin 'eap-identity'
00[LIB] loading feature EAP_SERVER:MD5 in plugin 'eap-md5'
00[LIB] loading feature EAP_CLIENT:MD5 in plugin 'eap-md5'
00[LIB] loading feature EAP_SERVER:MSCHAPV2 in plugin 'eap-mschapv2'
00[LIB] loading feature EAP_CLIENT:MSCHAPV2 in plugin 'eap-mschapv2'
00[LIB] loading feature EAP_SERVER:DYN in plugin 'eap-dynamic'
00[LIB] loading feature EAP_SERVER:RAD in plugin 'eap-radius'
00[LIB]   loading feature CUSTOM:eap-radius in plugin 'eap-radius'
00[CFG] loaded 0 RADIUS server configurations
00[LIB] loading feature XAUTH_SERVER:radius in plugin 'eap-radius'
00[LIB] loading feature EAP_SERVER:TLS in plugin 'eap-tls'
00[LIB] loading feature EAP_CLIENT:TLS in plugin 'eap-tls'
00[LIB] loading feature EAP_SERVER:TTLS in plugin 'eap-ttls'
00[LIB] loading feature EAP_CLIENT:TTLS in plugin 'eap-ttls'
00[LIB] loading feature EAP_SERVER:PEAP in plugin 'eap-peap'
00[LIB] loading feature EAP_CLIENT:PEAP in plugin 'eap-peap'
00[LIB] loading feature EAP_SERVER:TNC in plugin 'eap-tnc'
00[LIB]   loading feature CUSTOM:tnccs-manager in plugin 'tnc-tnccs'
00[LIB] loading feature EAP_CLIENT:TNC in plugin 'eap-tnc'
00[LIB] loading feature EAP_SERVER:PT in plugin 'eap-tnc'
00[LIB] loading feature EAP_CLIENT:PT in plugin 'eap-tnc'
00[LIB] loading feature XAUTH_SERVER:generic in plugin 'xauth-generic'
00[LIB] loading feature XAUTH_CLIENT:generic in plugin 'xauth-generic'
00[LIB] loading feature XAUTH_SERVER:eap in plugin 'xauth-eap'
00[LIB] loaded plugins: charon aes des rc2 sha2 sha1 md5 mgf1 random nonce x509 revocation constraints pubkey pkcs1 pkcs7 pkcs8 pkcs12 pgp dnskey sshkey pem openssl fips-prf gmp curve25519 xcbc cmac hmac attr kernel-netlink resolve socket-default stroke vici updown eap-identity eap-md5 eap-mschapv2 eap-dynamic eap-radius eap-tls eap-ttls eap-peap eap-tnc xauth-generic xauth-eap tnc-tnccs counters
00[LIB] unable to load 13 plugin features (13 due to unmet dependencies)
00[JOB] spawning 16 worker threads
01[LIB] created thread 01 [122107]
01[JOB] started worker thread 01
01[JOB] no events, waiting
02[LIB] created thread 02 [122109]
02[JOB] started worker thread 02
02[JOB]   watching 9 for reading
02[JOB]   watching 15 for reading
02[JOB]   watching 16 for reading
02[JOB]   watching 17 for reading
02[JOB] watcher going to poll() 5 fds
02[JOB] watcher got notification, rebuilding
02[JOB]   watching 9 for reading
02[JOB]   watching 15 for reading
02[JOB]   watching 16 for reading
02[JOB]   watching 17 for reading
02[JOB] watcher going to poll() 5 fds
03[LIB] created thread 03 [122103]
03[JOB] started worker thread 03
03[NET] waiting for data on sockets
04[LIB] created thread 04 [122111]
04[JOB] started worker thread 04
05[LIB] created thread 05 [122113]
05[JOB] started worker thread 05
06[LIB] created thread 06 [122105]
06[JOB] started worker thread 06
07[LIB] created thread 07 [122106]
07[JOB] started worker thread 07
08[LIB] created thread 08 [122108]
08[JOB] started worker thread 08
09[LIB] created thread 09 [122110]
09[JOB] started worker thread 09
10[LIB] created thread 10 [122112]
10[JOB] started worker thread 10
11[LIB] created thread 11 [122114]
11[JOB] started worker thread 11
12[LIB] created thread 12 [122099]
12[JOB] started worker thread 12
13[LIB] created thread 13 [122100]
13[JOB] started worker thread 13
14[LIB] created thread 14 [122101]
14[JOB] started worker thread 14
15[LIB] created thread 15 [122102]
15[JOB] started worker thread 15
16[LIB] created thread 16 [122104]
16[JOB] started worker thread 16
02[JOB] watched FD 15 ready to read
02[JOB]   watching 9 for reading
02[JOB]   watching 16 for reading
02[JOB]   watching 17 for reading
02[JOB] watcher going to poll() 4 fds
02[JOB] watcher got notification, rebuilding
02[JOB]   watching 9 for reading
02[JOB]   watching 15 for reading
02[JOB]   watching 16 for reading
02[JOB]   watching 17 for reading
02[JOB] watcher going to poll() 5 fds
02[JOB] watched FD 15 ready to read
02[JOB]   watching 9 for reading
02[JOB]   watching 16 for reading
02[JOB]   watching 17 for reading
02[JOB] watcher going to poll() 4 fds
01[JOB] next event in 99ms, waiting
02[JOB] watcher got notification, rebuilding
02[JOB]   watching 9 for reading
02[JOB]   watching 15 for reading
02[JOB]   watching 16 for reading
02[JOB]   watching 17 for reading
02[JOB] watcher going to poll() 5 fds
02[JOB] watched FD 15 ready to read
02[JOB]   watching 9 for reading
02[JOB]   watching 16 for reading
02[JOB]   watching 17 for reading
02[JOB] watcher going to poll() 4 fds
02[JOB] watcher got notification, rebuilding
02[JOB]   watching 9 for reading
02[JOB]   watching 15 for reading
02[JOB]   watching 16 for reading
02[JOB]   watching 17 for reading
02[JOB] watcher going to poll() 5 fds
02[JOB] watched FD 15 ready to read
02[JOB]   watching 9 for reading
02[JOB]   watching 16 for reading
02[JOB]   watching 17 for reading
02[JOB] watcher going to poll() 4 fds
08[KNL] fe80::11f7:25a7:5223:b476 disappeared from ens33
02[JOB] watcher got notification, rebuilding
02[JOB]   watching 9 for reading
02[JOB]   watching 15 for reading
02[JOB]   watching 16 for reading
02[JOB]   watching 17 for reading
02[JOB] watcher going to poll() 5 fds
02[JOB] watched FD 15 ready to read
02[JOB]   watching 9 for reading
02[JOB]   watching 16 for reading
02[JOB]   watching 17 for reading
02[JOB] watcher going to poll() 4 fds
02[JOB] watcher got notification, rebuilding
02[JOB]   watching 9 for reading
02[JOB]   watching 15 for reading
02[JOB]   watching 16 for reading
02[JOB]   watching 17 for reading
02[JOB] watcher going to poll() 5 fds
02[JOB] watched FD 15 ready to read
02[JOB]   watching 9 for reading
02[JOB]   watching 16 for reading
02[JOB]   watching 17 for reading
02[JOB] watcher going to poll() 4 fds
02[JOB] watcher got notification, rebuilding
02[JOB]   watching 9 for reading
02[JOB]   watching 15 for reading
02[JOB]   watching 16 for reading
02[JOB]   watching 17 for reading
02[JOB] watcher going to poll() 5 fds
02[JOB] watched FD 15 ready to read
02[JOB]   watching 9 for reading
02[JOB]   watching 16 for reading
02[JOB]   watching 17 for reading
02[JOB] watcher going to poll() 4 fds
01[JOB] got event, queuing job for execution
01[JOB] next event in 99ms, waiting
12[KNL] creating roam job due to address/link change
02[JOB] watcher got notification, rebuilding
02[JOB]   watching 9 for reading
02[JOB]   watching 15 for reading
02[JOB]   watching 16 for reading
02[JOB]   watching 17 for reading
02[JOB] watcher going to poll() 5 fds
02[JOB] watched FD 15 ready to read
02[JOB]   watching 9 for reading
02[JOB]   watching 16 for reading
02[JOB]   watching 17 for reading
02[JOB] watcher going to poll() 4 fds
02[JOB] watcher got notification, rebuilding
02[JOB]   watching 9 for reading
02[JOB]   watching 15 for reading
02[JOB]   watching 16 for reading
02[JOB]   watching 17 for reading
02[JOB] watcher going to poll() 5 fds
02[JOB] watched FD 15 ready to read
02[JOB]   watching 9 for reading
02[JOB]   watching 16 for reading
02[JOB]   watching 17 for reading
02[JOB] watcher going to poll() 4 fds
02[JOB] watcher got notification, rebuilding
02[JOB]   watching 9 for reading
02[JOB]   watching 15 for reading
02[JOB]   watching 16 for reading
02[JOB]   watching 17 for reading
02[JOB] watcher going to poll() 5 fds
02[JOB] watched FD 15 ready to read
02[JOB]   watching 9 for reading
02[JOB]   watching 16 for reading
02[JOB]   watching 17 for reading
02[JOB] watcher going to poll() 4 fds
16[KNL] 192.168.3.166 disappeared from ens33
02[JOB] watcher got notification, rebuilding
02[JOB]   watching 9 for reading
02[JOB]   watching 15 for reading
02[JOB]   watching 16 for reading
02[JOB]   watching 17 for reading
02[JOB] watcher going to poll() 5 fds
02[JOB] watched FD 15 ready to read
02[JOB]   watching 9 for reading
02[JOB]   watching 16 for reading
02[JOB]   watching 17 for reading
02[JOB] watcher going to poll() 4 fds
02[JOB] watcher got notification, rebuilding
02[JOB]   watching 9 for reading
02[JOB]   watching 15 for reading
02[JOB]   watching 16 for reading
02[JOB]   watching 17 for reading
02[JOB] watcher going to poll() 5 fds
02[JOB] watched FD 15 ready to read
02[JOB]   watching 9 for reading
02[JOB]   watching 16 for reading
02[JOB]   watching 17 for reading
02[JOB] watcher going to poll() 4 fds
02[JOB] watcher got notification, rebuilding
02[JOB]   watching 9 for reading
02[JOB]   watching 15 for reading
02[JOB]   watching 16 for reading
02[JOB]   watching 17 for reading
02[JOB] watcher going to poll() 5 fds
02[JOB] watched FD 15 ready to read
02[JOB]   watching 9 for reading
02[JOB]   watching 16 for reading
02[JOB]   watching 17 for reading
02[JOB] watcher going to poll() 4 fds
02[JOB] watcher got notification, rebuilding
02[JOB]   watching 9 for reading
02[JOB]   watching 15 for reading
02[JOB]   watching 16 for reading
02[JOB]   watching 17 for reading
02[JOB] watcher going to poll() 5 fds
01[JOB] got event, queuing job for execution
01[JOB] no events, waiting
08[KNL] creating roam job due to address/link change
02[JOB] watched FD 15 ready to read
02[JOB]   watching 9 for reading
02[JOB]   watching 16 for reading
02[JOB]   watching 17 for reading
02[JOB] watcher going to poll() 4 fds
10[KNL] interface ens33 deactivated
01[JOB] next event in 99ms, waiting
02[JOB] watcher got notification, rebuilding
02[JOB]   watching 9 for reading
02[JOB]   watching 15 for reading
02[JOB]   watching 16 for reading
02[JOB]   watching 17 for reading
02[JOB] watcher going to poll() 5 fds
01[JOB] got event, queuing job for execution
01[JOB] no events, waiting
11[KNL] creating roam job due to address/link change
02[JOB] watched FD 15 ready to read
02[JOB]   watching 9 for reading
02[JOB]   watching 16 for reading
02[JOB]   watching 17 for reading
02[JOB] watcher going to poll() 4 fds
13[KNL] interface ens33 activated
01[JOB] next event in 99ms, waiting
02[JOB] watcher got notification, rebuilding
02[JOB]   watching 9 for reading
02[JOB]   watching 15 for reading
02[JOB]   watching 16 for reading
02[JOB]   watching 17 for reading
02[JOB] watcher going to poll() 5 fds
02[JOB] watched FD 15 ready to read
02[JOB]   watching 9 for reading
02[JOB]   watching 16 for reading
02[JOB]   watching 17 for reading
02[JOB] watcher going to poll() 4 fds
02[JOB] watcher got notification, rebuilding
02[JOB]   watching 9 for reading
02[JOB]   watching 15 for reading
02[JOB]   watching 16 for reading
02[JOB]   watching 17 for reading
02[JOB] watcher going to poll() 5 fds
02[JOB] watched FD 15 ready to read
02[JOB]   watching 9 for reading
02[JOB]   watching 16 for reading
02[JOB]   watching 17 for reading
02[JOB] watcher going to poll() 4 fds
02[JOB] watcher got notification, rebuilding
02[JOB]   watching 9 for reading
02[JOB]   watching 15 for reading
02[JOB]   watching 16 for reading
02[JOB]   watching 17 for reading
02[JOB] watcher going to poll() 5 fds
02[JOB] watched FD 15 ready to read
02[JOB]   watching 9 for reading
02[JOB]   watching 16 for reading
02[JOB]   watching 17 for reading
02[JOB] watcher going to poll() 4 fds
02[JOB] watcher got notification, rebuilding
02[JOB]   watching 9 for reading
02[JOB]   watching 15 for reading
02[JOB]   watching 16 for reading
02[JOB]   watching 17 for reading
02[JOB] watcher going to poll() 5 fds
02[JOB] watched FD 15 ready to read
02[JOB]   watching 9 for reading
02[JOB]   watching 16 for reading
02[JOB]   watching 17 for reading
02[JOB] watcher going to poll() 4 fds
02[JOB] watcher got notification, rebuilding
02[JOB]   watching 9 for reading
02[JOB]   watching 15 for reading
02[JOB]   watching 16 for reading
02[JOB]   watching 17 for reading
02[JOB] watcher going to poll() 5 fds
02[JOB] watched FD 15 ready to read
02[JOB]   watching 9 for reading
02[JOB]   watching 16 for reading
02[JOB]   watching 17 for reading
02[JOB] watcher going to poll() 4 fds
02[JOB] watcher got notification, rebuilding
02[JOB]   watching 9 for reading
02[JOB]   watching 15 for reading
02[JOB]   watching 16 for reading
02[JOB]   watching 17 for reading
02[JOB] watcher going to poll() 5 fds
01[JOB] got event, queuing job for execution
01[JOB] got event, queuing job for execution
01[JOB] no events, waiting
07[KNL] creating roam job due to address/link change
02[JOB] watched FD 15 ready to read
02[JOB]   watching 9 for reading
02[JOB]   watching 16 for reading
02[JOB]   watching 17 for reading
02[JOB] watcher going to poll() 4 fds
02[JOB] watcher got notification, rebuilding
02[JOB]   watching 9 for reading
02[JOB]   watching 15 for reading
02[JOB]   watching 16 for reading
02[JOB]   watching 17 for reading
02[JOB] watcher going to poll() 5 fds
02[JOB] watched FD 15 ready to read
02[JOB]   watching 9 for reading
02[JOB]   watching 16 for reading
02[JOB]   watching 17 for reading
02[JOB] watcher going to poll() 4 fds
02[JOB] watcher got notification, rebuilding
02[JOB]   watching 9 for reading
02[JOB]   watching 15 for reading
02[JOB]   watching 16 for reading
02[JOB]   watching 17 for reading
02[JOB] watcher going to poll() 5 fds
02[JOB] watched FD 15 ready to read
02[JOB]   watching 9 for reading
02[JOB]   watching 16 for reading
02[JOB]   watching 17 for reading
02[JOB] watcher going to poll() 4 fds
02[JOB] watcher got notification, rebuilding
02[JOB]   watching 9 for reading
02[JOB]   watching 15 for reading
02[JOB]   watching 16 for reading
02[JOB]   watching 17 for reading
02[JOB] watcher going to poll() 5 fds
02[JOB] watched FD 15 ready to read
02[JOB]   watching 9 for reading
02[JOB]   watching 16 for reading
02[JOB]   watching 17 for reading
02[JOB] watcher going to poll() 4 fds
13[KNL] fe80::11f7:25a7:5223:b476 appeared on ens33
01[JOB] next event in 99ms, waiting
02[JOB] watcher got notification, rebuilding
02[JOB]   watching 9 for reading
02[JOB]   watching 15 for reading
02[JOB]   watching 16 for reading
02[JOB]   watching 17 for reading
02[JOB] watcher going to poll() 5 fds
02[JOB] watched FD 15 ready to read
02[JOB]   watching 9 for reading
02[JOB]   watching 16 for reading
02[JOB]   watching 17 for reading
02[JOB] watcher going to poll() 4 fds
02[JOB] watcher got notification, rebuilding
02[JOB]   watching 9 for reading
02[JOB]   watching 15 for reading
02[JOB]   watching 16 for reading
02[JOB]   watching 17 for reading
02[JOB] watcher going to poll() 5 fds
01[JOB] got event, queuing job for execution
01[JOB] got event, queuing job for execution
01[JOB] no events, waiting
16[KNL] creating roam job due to address/link change
02[JOB] watched FD 15 ready to read
02[JOB]   watching 9 for reading
02[JOB]   watching 16 for reading
02[JOB]   watching 17 for reading
02[JOB] watcher going to poll() 4 fds
06[KNL] 192.168.3.166 appeared on ens33
01[JOB] next event in 91ms, waiting
02[JOB] watcher got notification, rebuilding
02[JOB]   watching 9 for reading
02[JOB]   watching 15 for reading
02[JOB]   watching 16 for reading
02[JOB]   watching 17 for reading
02[JOB] watcher going to poll() 5 fds
02[JOB] watched FD 15 ready to read
02[JOB]   watching 9 for reading
02[JOB]   watching 16 for reading
02[JOB]   watching 17 for reading
02[JOB] watcher going to poll() 4 fds
02[JOB] watcher got notification, rebuilding
02[JOB]   watching 9 for reading
02[JOB]   watching 15 for reading
02[JOB]   watching 16 for reading
02[JOB]   watching 17 for reading
02[JOB] watcher going to poll() 5 fds
02[JOB] watched FD 15 ready to read
02[JOB]   watching 9 for reading
02[JOB]   watching 16 for reading
02[JOB]   watching 17 for reading
02[JOB] watcher going to poll() 4 fds
02[JOB] watcher g